0 info it worked if it ends with ok
1 verbose cli [ 'node', '/usr/local/bin/npm', 'install', '--save', 'nodephp' ]
2 info using npm@1.4.21
3 info using node@v0.10.30
4 verbose readDependencies using package.json deps
5 verbose cache add [ 'nodephp', null ]
6 verbose cache add name=undefined spec="nodephp" args=["nodephp",null]
7 verbose parsed url { protocol: null,
7 verbose parsed url   slashes: null,
7 verbose parsed url   auth: null,
7 verbose parsed url   host: null,
7 verbose parsed url   port: null,
7 verbose parsed url   hostname: null,
7 verbose parsed url   hash: null,
7 verbose parsed url   search: null,
7 verbose parsed url   query: null,
7 verbose parsed url   pathname: 'nodephp',
7 verbose parsed url   path: 'nodephp',
7 verbose parsed url   href: 'nodephp' }
8 silly lockFile d14b0e9e-nodephp nodephp
9 verbose lock nodephp /Users/scott/.npm/d14b0e9e-nodephp.lock
10 silly lockFile d14b0e9e-nodephp nodephp
11 silly lockFile d14b0e9e-nodephp nodephp
12 verbose addNamed [ 'nodephp', '' ]
13 verbose addNamed [ null, '*' ]
14 silly lockFile f4126682-nodephp nodephp@
15 verbose lock nodephp@ /Users/scott/.npm/f4126682-nodephp.lock
16 silly addNameRange { name: 'nodephp', range: '*', hasData: false }
17 verbose request where is /nodephp
18 verbose request registry https://registry.npmjs.org/
19 verbose request id 3c65364e8e892af4
20 verbose url raw /nodephp
21 verbose url resolving [ 'https://registry.npmjs.org/', './nodephp' ]
22 verbose url resolved https://registry.npmjs.org/nodephp
23 verbose request where is https://registry.npmjs.org/nodephp
24 info trying registry request attempt 1 at 00:20:38
25 http GET https://registry.npmjs.org/nodephp
26 http 404 https://registry.npmjs.org/nodephp
27 verbose headers { date: 'Sun, 25 Jan 2015 05:20:38 GMT',
27 verbose headers   server: 'CouchDB/1.5.0 (Erlang OTP/R16B03)',
27 verbose headers   'content-type': 'application/json',
27 verbose headers   'cache-control': 'max-age=0',
27 verbose headers   'content-length': '52',
27 verbose headers   'accept-ranges': 'bytes',
27 verbose headers   via: '1.1 varnish',
27 verbose headers   age: '0',
27 verbose headers   'x-served-by': 'cache-atl6232-ATL',
27 verbose headers   'x-cache': 'MISS',
27 verbose headers   'x-cache-hits': '0',
27 verbose headers   'x-timer': 'S1422163238.903781,VS0,VE76',
27 verbose headers   'keep-alive': 'timeout=10, max=50',
27 verbose headers   connection: 'Keep-Alive' }
28 silly registry.get cb [ 404,
28 silly registry.get   { date: 'Sun, 25 Jan 2015 05:20:38 GMT',
28 silly registry.get     server: 'CouchDB/1.5.0 (Erlang OTP/R16B03)',
28 silly registry.get     'content-type': 'application/json',
28 silly registry.get     'cache-control': 'max-age=0',
28 silly registry.get     'content-length': '52',
28 silly registry.get     'accept-ranges': 'bytes',
28 silly registry.get     via: '1.1 varnish',
28 silly registry.get     age: '0',
28 silly registry.get     'x-served-by': 'cache-atl6232-ATL',
28 silly registry.get     'x-cache': 'MISS',
28 silly registry.get     'x-cache-hits': '0',
28 silly registry.get     'x-timer': 'S1422163238.903781,VS0,VE76',
28 silly registry.get     'keep-alive': 'timeout=10, max=50',
28 silly registry.get     connection: 'Keep-Alive' } ]
29 silly lockFile f4126682-nodephp nodephp@
30 silly lockFile f4126682-nodephp nodephp@
31 error 404 404 Not Found: nodephp
31 error 404
31 error 404 'nodephp' is not in the npm registry.
31 error 404 You should bug the author to publish it
31 error 404 It was specified as a dependency of 'daux.io'
31 error 404
31 error 404 Note that you can also install from a
31 error 404 tarball, folder, or http url, or git url.
32 error System Darwin 14.0.0
33 error command "node" "/usr/local/bin/npm" "install" "--save" "nodephp"
34 error cwd /Users/scott/Dev/Code/pyroLabs/pyro-docs
35 error node -v v0.10.30
36 error npm -v 1.4.21
37 error code E404
38 verbose exit [ 1, true ]
